[Thu May 26 21:22:10.862688 2016] [ssl:warn] [pid 6684:tid 464] AH01909: localhost:443:0 server certificate does NOT include an ID which matches the server name
[Thu May 26 21:22:11.424650 2016] [ssl:warn] [pid 6684:tid 464] AH01909: localhost:443:0 server certificate does NOT include an ID which matches the server name
[Thu May 26 21:22:13.214730 2016] [mpm_winnt:notice] [pid 6684:tid 464] AH00455: Apache/2.4.20 (Win32) OpenSSL/1.0.2g PHP/5.6.21 configured -- resuming normal operations
[Thu May 26 21:22:13.214730 2016] [mpm_winnt:notice] [pid 6684:tid 464] AH00456: Apache Lounge VC11 Server built: Apr  9 2016 11:30:31
[Thu May 26 21:22:13.214730 2016] [core:notice] [pid 6684:tid 464] AH00094: Command line: 'C:\\Bitnami\\ORANGE~1.2-1\\apache2\\bin\\httpd.exe -d C:/Bitnami/orangehrm-3.3.2-1/apache2 -f C:\\Bitnami\\ORANGE~1.2-1\\apache2\\conf\\httpd.conf'
[Thu May 26 21:22:13.232694 2016] [mpm_winnt:notice] [pid 6684:tid 464] AH00418: Parent: Created child process 6376
[Thu May 26 21:22:14.582717 2016] [ssl:warn] [pid 6376:tid 356] AH01909: localhost:443:0 server certificate does NOT include an ID which matches the server name
[Thu May 26 21:22:14.958726 2016] [ssl:warn] [pid 6376:tid 356] AH01909: localhost:443:0 server certificate does NOT include an ID which matches the server name
[Thu May 26 21:22:15.226734 2016] [mpm_winnt:notice] [pid 6376:tid 356] AH00354: Child: Starting 64 worker threads.
[Thu May 26 21:22:27.943011 2016] [mpm_winnt:notice] [pid 6684:tid 464] AH00422: Parent: Received shutdown signal -- Shutting down the server.
[Thu May 26 21:22:29.969145 2016] [mpm_winnt:notice] [pid 6376:tid 356] AH00364: Child: All worker threads have exited.
[Thu May 26 21:22:30.201056 2016] [mpm_winnt:notice] [pid 6684:tid 464] AH00430: Parent: Child process 6376 exited successfully.
[Thu May 26 21:22:33.269122 2016] [ssl:warn] [pid 5292:tid 488] AH01909: localhost:443:0 server certificate does NOT include an ID which matches the server name
[Thu May 26 21:22:33.875152 2016] [ssl:warn] [pid 5292:tid 488] AH01909: localhost:443:0 server certificate does NOT include an ID which matches the server name
[Thu May 26 21:22:33.909135 2016] [mpm_winnt:notice] [pid 5292:tid 488] AH00455: Apache/2.4.20 (Win32) OpenSSL/1.0.2g PHP/5.6.21 configured -- resuming normal operations
[Thu May 26 21:22:33.909135 2016] [mpm_winnt:notice] [pid 5292:tid 488] AH00456: Apache Lounge VC11 Server built: Apr  9 2016 11:30:31
[Thu May 26 21:22:33.909135 2016] [core:notice] [pid 5292:tid 488] AH00094: Command line: 'C:\\Bitnami\\ORANGE~1.2-1\\apache2\\bin\\httpd.exe -d C:/Bitnami/orangehrm-3.3.2-1/apache2 -f C:\\Bitnami\\ORANGE~1.2-1\\apache2\\conf\\httpd.conf'
[Thu May 26 21:22:33.915138 2016] [mpm_winnt:notice] [pid 5292:tid 488] AH00418: Parent: Created child process 6180
[Thu May 26 21:22:35.593191 2016] [ssl:warn] [pid 6180:tid 308] AH01909: localhost:443:0 server certificate does NOT include an ID which matches the server name
[Thu May 26 21:22:35.863181 2016] [ssl:warn] [pid 6180:tid 308] AH01909: localhost:443:0 server certificate does NOT include an ID which matches the server name
[Thu May 26 21:22:35.899201 2016] [mpm_winnt:notice] [pid 6180:tid 308] AH00354: Child: Starting 64 worker threads.
[Thu May 26 21:31:55.861468 2016] [mpm_winnt:notice] [pid 5292:tid 488] AH00428: Parent: child process 6180 exited with status 1 -- Restarting.
